# JRE version: OpenJDK Runtime Environment (8.0_152-b02) (build 1.8.0_152-release-1024-b02)
# Java VM: OpenJDK 64-Bit Server VM (25.152-b02 mixed mode windows-amd64 compressed oops)
Heap:
 PSYoungGen      total 384000K, used 361045K [0x00000000e0000000, 0x00000000fb080000, 0x0000000100000000)
  eden space 339456K, 99% used [0x00000000e0000000,0x00000000f4b04c80,0x00000000f4b80000)
  from space 44544K, 49% used [0x00000000f8500000,0x00000000f9a90a98,0x00000000fb080000)
  to   space 51712K, 48% used [0x00000000f4b80000,0x00000000f63d5308,0x00000000f7e00000)
 ParOldGen       total 140800K, used 113574K [0x00000000a0000000, 0x00000000a8980000, 0x00000000e0000000)
  object space 140800K, 80% used [0x00000000a0000000,0x00000000a6ee9a80,0x00000000a8980000)
 Metaspace       used 91821K, capacity 97304K, committed 97536K, reserved 1134592K
  class space    used 11461K, capacity 12722K, committed 12800K, reserved 1048576K
GC Heap History (10 events):
Event: 781.002 GC heap after
Heap after GC invocations=25 (full 3):
 PSYoungGen      total 269312K, used 25810K [0x00000000e0000000, 0x00000000f7480000, 0x0000000100000000)
  eden space 231936K, 0% used [0x00000000e0000000,0x00000000e0000000,0x00000000ee280000)
  from space 37376K, 69% used [0x00000000f0800000,0x00000000f21348a0,0x00000000f2c80000)
  to   space 38400K, 0% used [0x00000000ee280000,0x00000000ee280000,0x00000000f0800000)
 ParOldGen       total 140800K, used 81930K [0x00000000a0000000, 0x00000000a8980000, 0x00000000e0000000)
  object space 140800K, 58% used [0x00000000a0000000,0x00000000a50028a0,0x00000000a8980000)
 Metaspace       used 90035K, capacity 95296K, committed 95616K, reserved 1132544K
  class space    used 11397K, capacity 12604K, committed 12672K, reserved 1048576K
}
Event: 786.113 GC heap before
{Heap before GC invocations=26 (full 3):
 PSYoungGen      total 269312K, used 256994K [0x00000000e0000000, 0x00000000f7480000, 0x0000000100000000)
  eden space 231936K, 99% used [0x00000000e0000000,0x00000000ee1c4060,0x00000000ee280000)
  from space 37376K, 69% used [0x00000000f0800000,0x00000000f21348a0,0x00000000f2c80000)
  to   space 38400K, 0% used [0x00000000ee280000,0x00000000ee280000,0x00000000f0800000)
 ParOldGen       total 140800K, used 81930K [0x00000000a0000000, 0x00000000a8980000, 0x00000000e0000000)
  object space 140800K, 58% used [0x00000000a0000000,0x00000000a50028a0,0x00000000a8980000)
 Metaspace       used 90612K, capacity 95874K, committed 96128K, reserved 1132544K
  class space    used 11400K, capacity 12609K, committed 12672K, reserved 1048576K
Event: 786.142 GC heap after
Heap after GC invocations=26 (full 3):
 PSYoungGen      total 270336K, used 26055K [0x00000000e0000000, 0x00000000f7100000, 0x0000000100000000)
  eden space 231936K, 0% used [0x00000000e0000000,0x00000000e0000000,0x00000000ee280000)
  from space 38400K, 67% used [0x00000000ee280000,0x00000000efbf1f88,0x00000000f0800000)
  to   space 39424K, 0% used [0x00000000f4a80000,0x00000000f4a80000,0x00000000f7100000)
 ParOldGen       total 140800K, used 82767K [0x00000000a0000000, 0x00000000a8980000, 0x00000000e0000000)
  object space 140800K, 58% used [0x00000000a0000000,0x00000000a50d3c78,0x00000000a8980000)
 Metaspace       used 90612K, capacity 95874K, committed 96128K, reserved 1132544K
  class space    used 11400K, capacity 12609K, committed 12672K, reserved 1048576K
}
Event: 1381.056 GC heap before
{Heap before GC invocations=27 (full 3):
 PSYoungGen      total 270336K, used 257991K [0x00000000e0000000, 0x00000000f7100000, 0x0000000100000000)
  eden space 231936K, 100% used [0x00000000e0000000,0x00000000ee280000,0x00000000ee280000)
  from space 38400K, 67% used [0x00000000ee280000,0x00000000efbf1f88,0x00000000f0800000)
  to   space 39424K, 0% used [0x00000000f4a80000,0x00000000f4a80000,0x00000000f7100000)
 ParOldGen       total 140800K, used 82767K [0x00000000a0000000, 0x00000000a8980000, 0x00000000e0000000)
  object space 140800K, 58% used [0x00000000a0000000,0x00000000a50d3c78,0x00000000a8980000)
 Metaspace       used 91159K, capacity 96550K, committed 96640K, reserved 1132544K
  class space    used 11431K, capacity 12667K, committed 12672K, reserved 1048576K
Event: 1381.129 GC heap after
Heap after GC invocations=27 (full 3):
 PSYoungGen      total 328192K, used 39395K [0x00000000e0000000, 0x00000000f7f00000, 0x0000000100000000)
  eden space 288768K, 0% used [0x00000000e0000000,0x00000000e0000000,0x00000000f1a00000)
  from space 39424K, 99% used [0x00000000f4a80000,0x00000000f70f8da8,0x00000000f7100000)
  to   space 49664K, 0% used [0x00000000f1a00000,0x00000000f1a00000,0x00000000f4a80000)
 ParOldGen       total 140800K, used 95032K [0x00000000a0000000, 0x00000000a8980000, 0x00000000e0000000)
  object space 140800K, 67% used [0x00000000a0000000,0x00000000a5cce0d0,0x00000000a8980000)
 Metaspace       used 91159K, capacity 96550K, committed 96640K, reserved 1132544K
  class space    used 11431K, capacity 12667K, committed 12672K, reserved 1048576K
}
Event: 1383.346 GC heap before
{Heap before GC invocations=28 (full 3):
 PSYoungGen      total 328192K, used 327325K [0x00000000e0000000, 0x00000000f7f00000, 0x0000000100000000)
  eden space 288768K, 99% used [0x00000000e0000000,0x00000000f192e9b8,0x00000000f1a00000)
  from space 39424K, 99% used [0x00000000f4a80000,0x00000000f70f8da8,0x00000000f7100000)
  to   space 49664K, 0% used [0x00000000f1a00000,0x00000000f1a00000,0x00000000f4a80000)
 ParOldGen       total 140800K, used 95032K [0x00000000a0000000, 0x00000000a8980000, 0x00000000e0000000)
  object space 140800K, 67% used [0x00000000a0000000,0x00000000a5cce0d0,0x00000000a8980000)
 Metaspace       used 91206K, capacity 96634K, committed 96640K, reserved 1132544K
  class space    used 11431K, capacity 12667K, committed 12672K, reserved 1048576K
Event: 1383.418 GC heap after
Heap after GC invocations=28 (full 3):
 PSYoungGen      total 338432K, used 42374K [0x00000000e0000000, 0x00000000fba80000, 0x0000000100000000)
  eden space 288768K, 0% used [0x00000000e0000000,0x00000000e0000000,0x00000000f1a00000)
  from space 49664K, 85% used [0x00000000f1a00000,0x00000000f4361850,0x00000000f4a80000)
  to   space 54784K, 0% used [0x00000000f8500000,0x00000000f8500000,0x00000000fba80000)
 ParOldGen       total 140800K, used 95520K [0x00000000a0000000, 0x00000000a8980000, 0x00000000e0000000)
  object space 140800K, 67% used [0x00000000a0000000,0x00000000a5d480d0,0x00000000a8980000)
 Metaspace       used 91206K, capacity 96634K, committed 96640K, reserved 1132544K
  class space    used 11431K, capacity 12667K, committed 12672K, reserved 1048576K
}
Event: 1389.303 GC heap before
{Heap before GC invocations=29 (full 3):
 PSYoungGen      total 338432K, used 331142K [0x00000000e0000000, 0x00000000fba80000, 0x0000000100000000)
  eden space 288768K, 100% used [0x00000000e0000000,0x00000000f1a00000,0x00000000f1a00000)
  from space 49664K, 85% used [0x00000000f1a00000,0x00000000f4361850,0x00000000f4a80000)
  to   space 54784K, 0% used [0x00000000f8500000,0x00000000f8500000,0x00000000fba80000)
 ParOldGen       total 140800K, used 95520K [0x00000000a0000000, 0x00000000a8980000, 0x00000000e0000000)
  object space 140800K, 67% used [0x00000000a0000000,0x00000000a5d480d0,0x00000000a8980000)
 Metaspace       used 91463K, capacity 96898K, committed 97024K, reserved 1134592K
  class space    used 11436K, capacity 12675K, committed 12800K, reserved 1048576K
Event: 1389.370 GC heap after
Heap after GC invocations=29 (full 3):
 PSYoungGen      total 384000K, used 22082K [0x00000000e0000000, 0x00000000fb080000, 0x0000000100000000)
  eden space 339456K, 0% used [0x00000000e0000000,0x00000000e0000000,0x00000000f4b80000)
  from space 44544K, 49% used [0x00000000f8500000,0x00000000f9a90a98,0x00000000fb080000)
  to   space 51712K, 0% used [0x00000000f4b80000,0x00000000f4b80000,0x00000000f7e00000)
 ParOldGen       total 140800K, used 113286K [0x00000000a0000000, 0x00000000a8980000, 0x00000000e0000000)
  object space 140800K, 80% used [0x00000000a0000000,0x00000000a6ea1a80,0x00000000a8980000)
 Metaspace       used 91463K, capacity 96898K, committed 97024K, reserved 1134592K
  class space    used 11436K, capacity 12675K, committed 12800K, reserved 1048576K
}
Event: 3289.843 GC heap before
{Heap before GC invocations=30 (full 3):
 PSYoungGen      total 384000K, used 361045K [0x00000000e0000000, 0x00000000fb080000, 0x0000000100000000)
  eden space 339456K, 99% used [0x00000000e0000000,0x00000000f4b04c80,0x00000000f4b80000)
  from space 44544K, 49% used [0x00000000f8500000,0x00000000f9a90a98,0x00000000fb080000)
  to   space 51712K, 0% used [0x00000000f4b80000,0x00000000f4b80000,0x00000000f7e00000)
 ParOldGen       total 140800K, used 113286K [0x00000000a0000000, 0x00000000a8980000, 0x00000000e0000000)
  object space 140800K, 80% used [0x00000000a0000000,0x00000000a6ea1a80,0x00000000a8980000)
 Metaspace       used 91821K, capacity 97304K, committed 97536K, reserved 1134592K
  class space    used 11461K, capacity 12722K, committed 12800K, reserved 1048576K

